[01m[K/home/ayden/learn_ros2_ws/src/my_urdf_pkg/src/my_node.cpp:[m[K In function â€˜[01m[Kvoid get_input(JointStatePublisher*)[m[Kâ€™:
[01m[K/home/ayden/learn_ros2_ws/src/my_urdf_pkg/src/my_node.cpp:59:24:[m[K [01;31m[Kerror: [m[Kredeclaration of â€˜[01m[Kstd::istringstream ss[m[Kâ€™
   59 |     std::istringstream [01;31m[Kss[m[K(input);
      |                        [01;31m[K^~[m[K
[01m[K/home/ayden/learn_ros2_ws/src/my_urdf_pkg/src/my_node.cpp:47:24:[m[K [01;36m[Knote: [m[Kâ€˜[01m[Kstd::istringstream ss[m[Kâ€™ previously declared here
   47 |     std::istringstream [01;36m[Kss[m[K(input);
      |                        [01;36m[K^~[m[K
[01m[K/home/ayden/learn_ros2_ws/src/my_urdf_pkg/src/my_node.cpp:60:17:[m[K [01;31m[Kerror: [m[Kredeclaration of â€˜[01m[Kstd::string token[m[Kâ€™
   60 |     std::string [01;31m[Ktoken[m[K;
      |                 [01;31m[K^~~~~[m[K
[01m[K/home/ayden/learn_ros2_ws/src/my_urdf_pkg/src/my_node.cpp:48:17:[m[K [01;36m[Knote: [m[Kâ€˜[01m[Kstd::string token[m[Kâ€™ previously declared here
   48 |     std::string [01;36m[Ktoken[m[K;
      |                 [01;36m[K^~~~~[m[K
[01m[K/home/ayden/learn_ros2_ws/src/my_urdf_pkg/src/my_node.cpp:61:25:[m[K [01;31m[Kerror: [m[Kredeclaration of â€˜[01m[Kstd::vector<double, std::allocator<double> > joint_positions[m[Kâ€™
   61 |     std::vector<double> [01;31m[Kjoint_positions[m[K;
      |                         [01;31m[K^~~~~~~~~~~~~~~[m[K
[01m[K/home/ayden/learn_ros2_ws/src/my_urdf_pkg/src/my_node.cpp:49:25:[m[K [01;36m[Knote: [m[Kâ€˜[01m[Kstd::vector<double, std::allocator<double> > joint_positions[m[Kâ€™ previously declared here
   49 |     std::vector<double> [01;36m[Kjoint_positions[m[K;
      |                         [01;36m[K^~~~~~~~~~~~~~~[m[K
gmake[2]: *** [CMakeFiles/my_node.dir/build.make:76: CMakeFiles/my_node.dir/src/my_node.cpp.o] Error 1
gmake[1]: *** [CMakeFiles/Makefile2:137: CMakeFiles/my_node.dir/all] Error 2
gmake: *** [Makefile:146: all] Error 2
