[0.360s] Invoking command in '/home/ayden/learn_ros2_ws/build/my_urdf_pkg': CMAKE_PREFIX_PATH=${CMAKE_PREFIX_PATH}:/home/ayden/science_fair_ws/install/vine_robot:/home/ayden/ros2_ws/install/my_robot_controller:/opt/ros/humble /usr/bin/cmake --build /home/ayden/learn_ros2_ws/build/my_urdf_pkg -- -j4 -l4
[0.460s] [35m[1mConsolidate compiler generated dependencies of target my_node[0m
[0.479s] [ 50%] [32mBuilding CXX object CMakeFiles/my_node.dir/src/my_node.cpp.o[0m
[0.509s] [01m[K/home/ayden/learn_ros2_ws/src/my_urdf_pkg/src/my_node.cpp:1:10:[m[K [01;31m[Kerror: [m[K#include expects "FILENAME" or <FILENAME>
[0.510s]     1 | #include [01;31m[Krclcpp[m[K/rclcpp.hpp
[0.510s]       |          [01;31m[K^~~~~~[m[K
[0.510s] [01m[K/home/ayden/learn_ros2_ws/src/my_urdf_pkg/src/my_node.cpp:2:10:[m[K [01;31m[Kerror: [m[K#include expects "FILENAME" or <FILENAME>
[0.510s]     2 | #include [01;31m[Ksensor_msgs[m[K/msg/joint_state.hpp
[0.510s]       |          [01;31m[K^~~~~~~~~~~[m[K
[0.510s] [01m[K/home/ayden/learn_ros2_ws/src/my_urdf_pkg/src/my_node.cpp:4:36:[m[K [01;31m[Kerror: [m[Kâ€˜[01m[Krclcpp[m[Kâ€™ has not been declared
[0.511s]     4 | class JointStatePublisher : public [01;31m[Krclcpp[m[K::Node
[0.511s]       |                                    [01;31m[K^~~~~~[m[K
[0.511s] [01m[K/home/ayden/learn_ros2_ws/src/my_urdf_pkg/src/my_node.cpp:4:44:[m[K [01;31m[Kerror: [m[Kexpected â€˜[01m[K{[m[Kâ€™ before â€˜[01m[KNode[m[Kâ€™
[0.511s]     4 | class JointStatePublisher : public rclcpp::[01;31m[KNode[m[K
[0.511s]       |                                            [01;31m[K^~~~[m[K
[0.512s] [01m[K/home/ayden/learn_ros2_ws/src/my_urdf_pkg/src/my_node.cpp:6:1:[m[K [01;31m[Kerror: [m[Kexpected primary-expression before â€˜[01m[Kpublic[m[Kâ€™
[0.512s]     6 | [01;31m[Kpublic[m[K:
[0.513s]       | [01;31m[K^~~~~~[m[K
[0.513s] [01m[K/home/ayden/learn_ros2_ws/src/my_urdf_pkg/src/my_node.cpp:6:1:[m[K [01;31m[Kerror: [m[Kexpected â€˜[01m[K}[m[Kâ€™ before â€˜[01m[Kpublic[m[Kâ€™
[0.513s] [01m[K/home/ayden/learn_ros2_ws/src/my_urdf_pkg/src/my_node.cpp:5:1:[m[K [01;36m[Knote: [m[Kto match this â€˜[01m[K{[m[Kâ€™
[0.513s]     5 | [01;36m[K{[m[K
[0.513s]       | [01;36m[K^[m[K
[0.514s] [01m[K/home/ayden/learn_ros2_ws/src/my_urdf_pkg/src/my_node.cpp:15:1:[m[K [01;31m[Kerror: [m[Kexpected unqualified-id before â€˜[01m[Kprivate[m[Kâ€™
[0.514s]    15 | [01;31m[Kprivate[m[K:
[0.514s]       | [01;31m[K^~~~~~~[m[K
[0.514s] [01m[K/home/ayden/learn_ros2_ws/src/my_urdf_pkg/src/my_node.cpp:25:3:[m[K [01;31m[Kerror: [m[Kâ€˜[01m[Krclcpp[m[Kâ€™ does not name a type
[0.514s]    25 |   [01;31m[Krclcpp[m[K::TimerBase::SharedPtr timer_;
[0.515s]       |   [01;31m[K^~~~~~[m[K
[0.515s] [01m[K/home/ayden/learn_ros2_ws/src/my_urdf_pkg/src/my_node.cpp:26:3:[m[K [01;31m[Kerror: [m[Kâ€˜[01m[Krclcpp[m[Kâ€™ does not name a type
[0.515s]    26 |   [01;31m[Krclcpp[m[K::Publisher<sensor_msgs::msg::JointState>::SharedPtr publisher_;
[0.515s]       |   [01;31m[K^~~~~~[m[K
[0.515s] [01m[K/home/ayden/learn_ros2_ws/src/my_urdf_pkg/src/my_node.cpp:27:3:[m[K [01;31m[Kerror: [m[Kâ€˜[01m[Ksize_t[m[Kâ€™ does not name a type
[0.516s]    27 |   [01;31m[Ksize_t[m[K count_;
[0.516s]       |   [01;31m[K^~~~~~[m[K
[0.516s] [01m[K/home/ayden/learn_ros2_ws/src/my_urdf_pkg/src/my_node.cpp:1:1:[m[K [01;36m[Knote: [m[Kâ€˜[01m[Ksize_t[m[Kâ€™ is defined in header â€˜[01m[K<cstddef>[m[Kâ€™; did you forget to â€˜[01m[K#include <cstddef>[m[Kâ€™?
[0.516s]   +++ |+[32m[K#include <cstddef>[m[K
[0.516s]     1 | #include rclcpp/rclcpp.hpp
[0.518s] [01m[K/home/ayden/learn_ros2_ws/src/my_urdf_pkg/src/my_node.cpp:28:1:[m[K [01;31m[Kerror: [m[Kexpected declaration before â€˜[01m[K}[m[Kâ€™ token
[0.518s]    28 | [01;31m[K}[m[K;
[0.519s]       | [01;31m[K^[m[K
[0.519s] [01m[K/home/ayden/learn_ros2_ws/src/my_urdf_pkg/src/my_node.cpp:[m[K In function â€˜[01m[Kint main(int, char**)[m[Kâ€™:
[0.519s] [01m[K/home/ayden/learn_ros2_ws/src/my_urdf_pkg/src/my_node.cpp:32:3:[m[K [01;31m[Kerror: [m[Kâ€˜[01m[Krclcpp[m[Kâ€™ has not been declared
[0.519s]    32 |   [01;31m[Krclcpp[m[K::init(argc, argv);
[0.521s]       |   [01;31m[K^~~~~~[m[K
[0.521s] [01m[K/home/ayden/learn_ros2_ws/src/my_urdf_pkg/src/my_node.cpp:33:3:[m[K [01;31m[Kerror: [m[Kâ€˜[01m[Krclcpp[m[Kâ€™ has not been declared
[0.522s]    33 |   [01;31m[Krclcpp[m[K::spin(std::make_shared<JointStatePublisher>());
[0.522s]       |   [01;31m[K^~~~~~[m[K
[0.522s] [01m[K/home/ayden/learn_ros2_ws/src/my_urdf_pkg/src/my_node.cpp:33:21:[m[K [01;31m[Kerror: [m[Kâ€˜[01m[Kmake_shared[m[Kâ€™ is not a member of â€˜[01m[Kstd[m[Kâ€™
[0.522s]    33 |   rclcpp::spin(std::[01;31m[Kmake_shared[m[K<JointStatePublisher>());
[0.522s]       |                     [01;31m[K^~~~~~~~~~~[m[K
[0.523s] [01m[K/home/ayden/learn_ros2_ws/src/my_urdf_pkg/src/my_node.cpp:1:1:[m[K [01;36m[Knote: [m[Kâ€˜[01m[Kstd::make_shared[m[Kâ€™ is defined in header â€˜[01m[K<memory>[m[Kâ€™; did you forget to â€˜[01m[K#include <memory>[m[Kâ€™?
[0.523s]   +++ |+[32m[K#include <memory>[m[K
[0.523s]     1 | #include rclcpp/rclcpp.hpp
[0.523s] [01m[K/home/ayden/learn_ros2_ws/src/my_urdf_pkg/src/my_node.cpp:33:52:[m[K [01;31m[Kerror: [m[Kexpected primary-expression before â€˜[01m[K>[m[Kâ€™ token
[0.524s]    33 |   rclcpp::spin(std::make_shared<JointStatePublisher[01;31m[K>[m[K());
[0.525s]       |                                                    [01;31m[K^[m[K
[0.526s] [01m[K/home/ayden/learn_ros2_ws/src/my_urdf_pkg/src/my_node.cpp:33:54:[m[K [01;31m[Kerror: [m[Kexpected primary-expression before â€˜[01m[K)[m[Kâ€™ token
[0.526s]    33 |   rclcpp::spin(std::make_shared<JointStatePublisher>([01;31m[K)[m[K);
[0.526s]       |                                                      [01;31m[K^[m[K
[0.527s] [01m[K/home/ayden/learn_ros2_ws/src/my_urdf_pkg/src/my_node.cpp:34:3:[m[K [01;31m[Kerror: [m[Kâ€˜[01m[Krclcpp[m[Kâ€™ has not been declared
[0.527s]    34 |   [01;31m[Krclcpp[m[K::shutdown();
[0.527s]       |   [01;31m[K^~~~~~[m[K
[0.528s] gmake[2]: *** [CMakeFiles/my_node.dir/build.make:76: CMakeFiles/my_node.dir/src/my_node.cpp.o] Error 1
[0.528s] gmake[1]: *** [CMakeFiles/Makefile2:137: CMakeFiles/my_node.dir/all] Error 2
[0.528s] gmake: *** [Makefile:146: all] Error 2
[0.528s] Invoked command in '/home/ayden/learn_ros2_ws/build/my_urdf_pkg' returned '2': CMAKE_PREFIX_PATH=${CMAKE_PREFIX_PATH}:/home/ayden/science_fair_ws/install/vine_robot:/home/ayden/ros2_ws/install/my_robot_controller:/opt/ros/humble /usr/bin/cmake --build /home/ayden/learn_ros2_ws/build/my_urdf_pkg -- -j4 -l4
